===================================================
LOCAL DATABASE - SETUP
===================================================

---------------------------------------------------
# Cleaning previous logs
---------------------------------------------------

---------------------------------------------------
# Starting the Local Environment
---------------------------------------------------
make[1]: Entering directory '/home/aazev/projects/rust/currency_converter'
docker compose -f .container/docker-compose.yml up -d
Container container-curr-conv-glmongo-1  Running
Container container-curr-conv-db-1  Running
Container container-curr-conv-rabbitmq-1  Running
Container container-curr-conv-glelasticsearch-1  Running
Container container-curr-conv-graylog-1  Running
make[1]: Leaving directory '/home/aazev/projects/rust/currency_converter'

---------------------------------------------------
# Reseting the Database
---------------------------------------------------
9e709e4eb210
 pg_terminate_backend 
----------------------
(0 rows)

DROP DATABASE
CREATE DATABASE
GRANT

---------------------------------------------------
# Your database is set and ready to receive data!
---------------------------------------------------
